<?xml version="1.0" encoding="UTF-8"?>
<testsuites name="TestSuites_4" time="60" tests="1" failures="0" errors="0">
   <testsuite name="TestSuites_4" tests="1" failures="0" errors="0" time="60" timestamp="2019-02-01 18:58:44" hostname="Mulki Sulaiman - FIB-PC001" id="Test Suites/TS_RegressionTest/Registration/TestSuites_4">
      <properties>
         <property name="deviceName" value=""/>
         <property name="devicePlatform" value=""/>
         <property name="logFolder" value="C:\\Users\\Mulki Sulaiman\\Documents\\ADX Asia\\Development\\ADX_Registrasi\\Reports\\TS_RegressionTest\\Registration\\TestSuites_4\\20190201_185430"/>
         <property name="logFiles" value="C:\\Users\\Mulki Sulaiman\\Documents\\ADX Asia\\Development\\ADX_Registrasi\\Reports\\TS_RegressionTest\\Registration\\TestSuites_4\\20190201_185430\\execution0.log"/>
         <property name="attachments" value=""/>
         <property name="hostName" value="Mulki Sulaiman - FIB-PC001"/>
         <property name="os" value="Windows 10 64bit"/>
         <property name="katalonVersion" value="5.10.0.1"/>
         <property name="browser" value="Chrome 71.0.3578.98"/>
         <property name="hostAddress" value="172.16.27.57"/>
         <property name="sessionId" value="e066bb0b8c4274e3300f38042ecd0340"/>
         <property name="seleniumVersion" value="3.7.1"/>
         <property name="proxyInformation" value="ProxyInformation{proxyOption=NO_PROXY, proxyServerType=HTTP, password=, proxyServerAddress=, proxyServerPort=0}"/>
         <property name="platform" value="Windows 10"/>
      </properties>
      <testcase name="Test Cases/Registration_Page/Email_Registration/1.4/verify_user_signin_using_gmail_account" classname="Test Cases/Registration_Page/Email_Registration/1.4/verify_user_signin_using_gmail_account" status="PASSED">
         <system-out><![CDATA[2019-02-01 18:58:44 - [TEST_CASE][PASSED] - Test Cases/Registration_Page/Email_Registration/1.4/verify_user_signin_using_gmail_account: Test Cases/Registration_Page/Email_Registration/1.4/verify_user_signin_using_gmail_account

2019-02-01 18:58:45 - [TEST_STEP][PASSED] - openBrowser(""): Browser is opened with url: ''

2019-02-01 18:58:45 - [MESSAGE][INFO] - Starting 'Chrome (headless)' driver

2019-02-01 18:58:45 - [MESSAGE][INFO] - Action delay is set to 1 seconds

2019-02-01 18:58:56 - [MESSAGE][PASSED] - Browser is opened with url: ''

2019-02-01 18:58:56 - [TEST_STEP][PASSED] - maximizeWindow(): Current window maximized

2019-02-01 18:58:58 - [MESSAGE][PASSED] - Current window maximized

2019-02-01 18:58:58 - [TEST_STEP][PASSED] - navigateToUrl("https://staging.adxasia.co.id/"): Navigate to 'https://staging.adxasia.co.id/' successfully

2019-02-01 18:59:06 - [MESSAGE][PASSED] - Navigate to 'https://staging.adxasia.co.id/' successfully

2019-02-01 18:59:06 - [TEST_STEP][PASSED] - waitForPageLoad(2): Wait for page load successfully

2019-02-01 18:59:08 - [MESSAGE][PASSED] - Wait for page load successfully

2019-02-01 18:59:08 - [TEST_STEP][PASSED] - click(findTestObject("1.1/Page_Home - ADX Asia/li_Sign In")): Object: 'Object Repository/1.1/Page_Home - ADX Asia/li_Sign In' is clicked on

2019-02-01 18:59:10 - [MESSAGE][PASSED] - Object: 'Object Repository/1.1/Page_Home - ADX Asia/li_Sign In' is clicked on

2019-02-01 18:59:10 - [TEST_STEP][PASSED] - setText(findTestObject("1.1/Page_Home - ADX Asia/input_email"), "!!test@test.com"): Text '!!test@test.com' is set on object 'Object Repository/1.1/Page_Home - ADX Asia/input_email'

2019-02-01 18:59:16 - [MESSAGE][PASSED] - Text '!!test@test.com' is set on object 'Object Repository/1.1/Page_Home - ADX Asia/input_email'

2019-02-01 18:59:16 - [TEST_STEP][PASSED] - clearText(findTestObject("1.1/Page_Home - ADX Asia/input_email")): Text of object 'Object Repository/1.1/Page_Home - ADX Asia/input_email' is cleared

2019-02-01 18:59:18 - [MESSAGE][PASSED] - Text of object 'Object Repository/1.1/Page_Home - ADX Asia/input_email' is cleared

2019-02-01 18:59:18 - [TEST_STEP][PASSED] - setText(findTestObject("1.1/Page_Home - ADX Asia/input_email"), "123@@test.com"): Text '123@@test.com' is set on object 'Object Repository/1.1/Page_Home - ADX Asia/input_email'

2019-02-01 18:59:22 - [MESSAGE][PASSED] - Text '123@@test.com' is set on object 'Object Repository/1.1/Page_Home - ADX Asia/input_email'

2019-02-01 18:59:22 - [TEST_STEP][PASSED] - clearText(findTestObject("1.1/Page_Home - ADX Asia/input_email")): Text of object 'Object Repository/1.1/Page_Home - ADX Asia/input_email' is cleared

2019-02-01 18:59:24 - [MESSAGE][PASSED] - Text of object 'Object Repository/1.1/Page_Home - ADX Asia/input_email' is cleared

2019-02-01 18:59:24 - [TEST_STEP][PASSED] - setText(findTestObject("1.1/Page_Home - ADX Asia/input_email"), "abc.@abc.abc"): Text 'abc.@abc.abc' is set on object 'Object Repository/1.1/Page_Home - ADX Asia/input_email'

2019-02-01 18:59:28 - [MESSAGE][PASSED] - Text 'abc.@abc.abc' is set on object 'Object Repository/1.1/Page_Home - ADX Asia/input_email'

2019-02-01 18:59:28 - [TEST_STEP][PASSED] - clearText(findTestObject("1.1/Page_Home - ADX Asia/input_email")): Text of object 'Object Repository/1.1/Page_Home - ADX Asia/input_email' is cleared

2019-02-01 18:59:30 - [MESSAGE][PASSED] - Text of object 'Object Repository/1.1/Page_Home - ADX Asia/input_email' is cleared

2019-02-01 18:59:30 - [TEST_STEP][PASSED] - setText(findTestObject("1.1/Page_Home - ADX Asia/input_email"), "mulki.sulaiman90@gmail.com"): Text 'mulki.sulaiman90@gmail.com' is set on object 'Object Repository/1.1/Page_Home - ADX Asia/input_email'

2019-02-01 18:59:35 - [MESSAGE][PASSED] - Text 'mulki.sulaiman90@gmail.com' is set on object 'Object Repository/1.1/Page_Home - ADX Asia/input_email'

2019-02-01 18:59:35 - [TEST_STEP][PASSED] - setEncryptedText(findTestObject("1.1/Page_Home - ADX Asia/input_Email_error"), "7rMQXxMs5dtH0amwvFpWZg=="): Text ****** has been set on object 'Object Repository/1.1/Page_Home - ADX Asia/input_Email_error'

2019-02-01 18:59:38 - [MESSAGE][PASSED] - Text ****** has been set on object 'Object Repository/1.1/Page_Home - ADX Asia/input_Email_error'

2019-02-01 18:59:38 - [TEST_STEP][PASSED] - click(findTestObject("1.1/Page_Home - ADX Asia/button_Sign in")): Object: 'Object Repository/1.1/Page_Home - ADX Asia/button_Sign in' is clicked on

2019-02-01 18:59:40 - [MESSAGE][PASSED] - Object: 'Object Repository/1.1/Page_Home - ADX Asia/button_Sign in' is clicked on

2019-02-01 18:59:40 - [TEST_STEP][PASSED] - closeBrowser(): Browser is closed

2019-02-01 18:59:42 - [MESSAGE][PASSED] - Browser is closed]]></system-out>
         <system-err><![CDATA[]]></system-err>
      </testcase>
      <system-out><![CDATA[2019-02-01 18:58:44 - [TEST_SUITE][PASSED] - TestSuites_4: Test Cases/Registration_Page/Email_Registration/1.4/verify_user_signin_using_gmail_account]]></system-out>
      <system-err><![CDATA[]]></system-err>
   </testsuite>
</testsuites>
