<?xml version="1.0" encoding="UTF-8"?>
<testsuites name="TestSuites_2" time="67" tests="1" failures="0" errors="0">
   <testsuite name="TestSuites_2" tests="1" failures="0" errors="0" time="67" timestamp="2019-02-01 18:19:32" hostname="Mulki Sulaiman - FIB-PC001" id="Test Suites/TS_RegressionTest/Registration/TestSuites_2">
      <properties>
         <property name="deviceName" value=""/>
         <property name="devicePlatform" value=""/>
         <property name="logFolder" value="C:\\Users\\Mulki Sulaiman\\Documents\\ADX Asia\\Development\\ADX_Registrasi\\Reports\\TS_RegressionTest\\Registration\\TestSuites_2\\20190201_181730"/>
         <property name="logFiles" value="C:\\Users\\Mulki Sulaiman\\Documents\\ADX Asia\\Development\\ADX_Registrasi\\Reports\\TS_RegressionTest\\Registration\\TestSuites_2\\20190201_181730\\execution0.log"/>
         <property name="attachments" value=""/>
         <property name="hostName" value="Mulki Sulaiman - FIB-PC001"/>
         <property name="os" value="Windows 10 64bit"/>
         <property name="katalonVersion" value="5.10.0.1"/>
         <property name="browser" value="Chrome 71.0.3578.98"/>
         <property name="hostAddress" value="172.16.27.57"/>
         <property name="sessionId" value="b057e44400a61928bd8a5c67d1a0f028"/>
         <property name="seleniumVersion" value="3.7.1"/>
         <property name="proxyInformation" value="ProxyInformation{proxyOption=NO_PROXY, proxyServerType=HTTP, password=, proxyServerAddress=, proxyServerPort=0}"/>
         <property name="platform" value="Windows 10"/>
      </properties>
      <testcase name="Test Cases/Registration_Page/Email_Registration/1.2/verify_user_signin_email_account" classname="Test Cases/Registration_Page/Email_Registration/1.2/verify_user_signin_email_account" status="PASSED">
         <system-out><![CDATA[2019-02-01 18:19:33 - [TEST_CASE][PASSED] - Test Cases/Registration_Page/Email_Registration/1.2/verify_user_signin_email_account: Test Cases/Registration_Page/Email_Registration/1.2/verify_user_signin_email_account

2019-02-01 18:19:33 - [TEST_STEP][PASSED] - openBrowser(""): Browser is opened with url: ''

2019-02-01 18:19:33 - [MESSAGE][INFO] - Starting 'Chrome' driver

2019-02-01 18:19:33 - [MESSAGE][INFO] - Action delay is set to 1 seconds

2019-02-01 18:19:44 - [MESSAGE][PASSED] - Browser is opened with url: ''

2019-02-01 18:19:44 - [TEST_STEP][PASSED] - maximizeWindow(): Current window maximized

2019-02-01 18:19:46 - [MESSAGE][PASSED] - Current window maximized

2019-02-01 18:19:46 - [TEST_STEP][PASSED] - navigateToUrl("https://staging.adxasia.co.id/"): Navigate to 'https://staging.adxasia.co.id/' successfully

2019-02-01 18:19:57 - [MESSAGE][PASSED] - Navigate to 'https://staging.adxasia.co.id/' successfully

2019-02-01 18:19:57 - [TEST_STEP][PASSED] - click(findTestObject("1.1/Page_Home - ADX Asia/li_Sign In")): Object: 'Object Repository/1.1/Page_Home - ADX Asia/li_Sign In' is clicked on

2019-02-01 18:19:59 - [MESSAGE][PASSED] - Object: 'Object Repository/1.1/Page_Home - ADX Asia/li_Sign In' is clicked on

2019-02-01 18:19:59 - [TEST_STEP][PASSED] - setText(findTestObject("1.1/Page_Home - ADX Asia/input_email"), "mulkimul16@gmail.com"): Text 'mulkimul16@gmail.com' is set on object 'Object Repository/1.1/Page_Home - ADX Asia/input_email'

2019-02-01 18:20:04 - [MESSAGE][PASSED] - Text 'mulkimul16@gmail.com' is set on object 'Object Repository/1.1/Page_Home - ADX Asia/input_email'

2019-02-01 18:20:04 - [TEST_STEP][PASSED] - setEncryptedText(findTestObject("1.1/Page_Home - ADX Asia/input_Email_error"), "mn5hRviTc1hO3f41WUkJsA=="): Text ****** has been set on object 'Object Repository/1.1/Page_Home - ADX Asia/input_Email_error'

2019-02-01 18:20:07 - [MESSAGE][PASSED] - Text ****** has been set on object 'Object Repository/1.1/Page_Home - ADX Asia/input_Email_error'

2019-02-01 18:20:07 - [TEST_STEP][PASSED] - click(findTestObject("1.1/Page_Home - ADX Asia/button_Sign in")): Object: 'Object Repository/1.1/Page_Home - ADX Asia/button_Sign in' is clicked on

2019-02-01 18:20:09 - [MESSAGE][PASSED] - Object: 'Object Repository/1.1/Page_Home - ADX Asia/button_Sign in' is clicked on

2019-02-01 18:20:09 - [TEST_STEP][PASSED] - click(findTestObject("1.2/Page_Home - ADX Asia/button_Sign in with Google")): Object: 'Object Repository/1.2/Page_Home - ADX Asia/button_Sign in with Google' is clicked on

2019-02-01 18:20:13 - [MESSAGE][PASSED] - Object: 'Object Repository/1.2/Page_Home - ADX Asia/button_Sign in with Google' is clicked on

2019-02-01 18:20:13 - [TEST_STEP][PASSED] - delay(2): Delayed 2 second(s)

2019-02-01 18:20:15 - [MESSAGE][PASSED] - Delayed 2 second(s)

2019-02-01 18:20:15 - [TEST_STEP][PASSED] - switchToWindowTitle("Masuk - Akun Google", STOP_ON_FAILURE): Switched to window with title: 'Masuk - Akun Google'

2019-02-01 18:20:24 - [MESSAGE][PASSED] - Switched to window with title: 'Masuk - Akun Google'

2019-02-01 18:20:24 - [TEST_STEP][PASSED] - setText(findTestObject("1.2/Page_Masuk - Akun Google/input_gmail_account"), "mulkimul16@gmail.com"): Text 'mulkimul16@gmail.com' is set on object 'Object Repository/1.2/Page_Masuk - Akun Google/input_gmail_account'

2019-02-01 18:20:29 - [MESSAGE][PASSED] - Text 'mulkimul16@gmail.com' is set on object 'Object Repository/1.2/Page_Masuk - Akun Google/input_gmail_account'

2019-02-01 18:20:29 - [TEST_STEP][PASSED] - click(findTestObject("1.2/Page_Masuk - Akun Google/span_Berikutnya")): Object: 'Object Repository/1.2/Page_Masuk - Akun Google/span_Berikutnya' is clicked on

2019-02-01 18:20:31 - [MESSAGE][PASSED] - Object: 'Object Repository/1.2/Page_Masuk - Akun Google/span_Berikutnya' is clicked on

2019-02-01 18:20:31 - [TEST_STEP][PASSED] - setEncryptedText(findTestObject("1.2/Page_Masuk - Akun Google/input_password"), "14n9+UJqs0woiBvwapmKLg=="): Text ****** has been set on object 'Object Repository/1.2/Page_Masuk - Akun Google/input_password'

2019-02-01 18:20:34 - [MESSAGE][PASSED] - Text ****** has been set on object 'Object Repository/1.2/Page_Masuk - Akun Google/input_password'

2019-02-01 18:20:34 - [TEST_STEP][PASSED] - click(findTestObject("1.2/Page_Masuk - Akun Google/span_Berikutnya")): Object: 'Object Repository/1.2/Page_Masuk - Akun Google/span_Berikutnya' is clicked on

2019-02-01 18:20:36 - [MESSAGE][PASSED] - Object: 'Object Repository/1.2/Page_Masuk - Akun Google/span_Berikutnya' is clicked on

2019-02-01 18:20:36 - [TEST_STEP][PASSED] - waitForPageLoad(3): Wait for page load successfully

2019-02-01 18:20:37 - [MESSAGE][PASSED] - Wait for page load successfully

2019-02-01 18:20:37 - [TEST_STEP][PASSED] - closeBrowser(): Browser is closed

2019-02-01 18:20:40 - [MESSAGE][PASSED] - Browser is closed]]></system-out>
         <system-err><![CDATA[]]></system-err>
      </testcase>
      <system-out><![CDATA[2019-02-01 18:19:32 - [TEST_SUITE][PASSED] - TestSuites_2: Test Cases/Registration_Page/Email_Registration/1.2/verify_user_signin_email_account]]></system-out>
      <system-err><![CDATA[]]></system-err>
   </testsuite>
</testsuites>
