<?xml version="1.0" encoding="UTF-8"?>
<testsuites name="TS_ValidatingEmptyResult" time="28" tests="1" failures="0" errors="0">
   <testsuite name="TS_ValidatingEmptyResult" tests="1" failures="0" errors="0" time="28" timestamp="2019-02-05 01:59:31" hostname="ARIO - ARIO-PC" id="Test Suites/TS_RegressionTest/TS_ValidatingEmptyResult">
      <properties>
         <property name="deviceName" value=""/>
         <property name="devicePlatform" value=""/>
         <property name="logFolder" value="C:\\Users\\ARIO\\Documents\\ADX Asia\\ADX_Basic_Search\\Reports\\TS_RegressionTest\\TS_ValidatingEmptyResult\\20190205_015726"/>
         <property name="logFiles" value="C:\\Users\\ARIO\\Documents\\ADX Asia\\ADX_Basic_Search\\Reports\\TS_RegressionTest\\TS_ValidatingEmptyResult\\20190205_015726\\execution0.log"/>
         <property name="attachments" value=""/>
         <property name="hostName" value="ARIO - ARIO-PC"/>
         <property name="os" value="Windows 7 64bit"/>
         <property name="katalonVersion" value="5.10.1.1"/>
         <property name="browser" value="Chrome 71.0.3578.98"/>
         <property name="hostAddress" value="172.20.10.2"/>
         <property name="sessionId" value="287a173dd8c18eb642f3d5728039af44"/>
         <property name="seleniumVersion" value="3.7.1"/>
         <property name="proxyInformation" value="ProxyInformation{proxyOption=NO_PROXY, proxyServerType=HTTP, password=, proxyServerAddress=, proxyServerPort=0}"/>
         <property name="platform" value="Windows 7"/>
      </properties>
      <testcase name="Test Cases/BasicSearch/3.1/Validating_empty_result_on_search" classname="Test Cases/BasicSearch/3.1/Validating_empty_result_on_search" status="PASSED">
         <system-out><![CDATA[2019-02-05 01:59:31 - [TEST_CASE][PASSED] - Test Cases/BasicSearch/3.1/Validating_empty_result_on_search: Test Cases/BasicSearch/3.1/Validating_empty_result_on_search

2019-02-05 01:59:32 - [TEST_STEP][PASSED] - openBrowser(""): Browser is opened with url: ''

2019-02-05 01:59:32 - [MESSAGE][INFO] - Starting 'Chrome' driver

2019-02-05 01:59:32 - [MESSAGE][INFO] - Action delay is set to 1 seconds

2019-02-05 01:59:38 - [MESSAGE][PASSED] - Browser is opened with url: ''

2019-02-05 01:59:38 - [TEST_STEP][PASSED] - maximizeWindow(): Current window maximized

2019-02-05 01:59:40 - [MESSAGE][PASSED] - Current window maximized

2019-02-05 01:59:40 - [TEST_STEP][PASSED] - navigateToUrl("https://staging.adxasia.co.id/"): Navigate to 'https://staging.adxasia.co.id/' successfully

2019-02-05 01:59:47 - [MESSAGE][PASSED] - Navigate to 'https://staging.adxasia.co.id/' successfully

2019-02-05 01:59:47 - [TEST_STEP][PASSED] - click(findTestObject("2.2/Page_Home - ADX Asia/input_Home_search__input__sear")): Object: 'Object Repository/2.2/Page_Home - ADX Asia/input_Home_search__input__sear' is clicked on

2019-02-05 01:59:49 - [MESSAGE][PASSED] - Object: 'Object Repository/2.2/Page_Home - ADX Asia/input_Home_search__input__sear' is clicked on

2019-02-05 01:59:49 - [TEST_STEP][PASSED] - setText(findTestObject("2.2/Page_Home - ADX Asia/input_Home_search__input__sear"), "Lawless"): Text 'Lawless' is set on object 'Object Repository/2.2/Page_Home - ADX Asia/input_Home_search__input__sear'

2019-02-05 01:59:53 - [MESSAGE][PASSED] - Text 'Lawless' is set on object 'Object Repository/2.2/Page_Home - ADX Asia/input_Home_search__input__sear'

2019-02-05 01:59:53 - [TEST_STEP][PASSED] - sendKeys(findTestObject("2.2/Page_Home - ADX Asia/input_Home_search__input__sear"), Keys.chord(ENTER)): Keys 'ENTER + ' sent to object: 'Object Repository/2.2/Page_Home - ADX Asia/input_Home_search__input__sear'

2019-02-05 01:59:55 - [MESSAGE][PASSED] - Keys 'ENTER + ' sent to object: 'Object Repository/2.2/Page_Home - ADX Asia/input_Home_search__input__sear'

2019-02-05 01:59:55 - [TEST_STEP][PASSED] - delay(2): Delayed 2 second(s)

2019-02-05 01:59:57 - [MESSAGE][PASSED] - Delayed 2 second(s)

2019-02-05 01:59:57 - [TEST_STEP][PASSED] - closeBrowser(): Browser is closed

2019-02-05 01:59:59 - [MESSAGE][PASSED] - Browser is closed]]></system-out>
         <system-err><![CDATA[]]></system-err>
      </testcase>
      <system-out><![CDATA[2019-02-05 01:59:31 - [TEST_SUITE][PASSED] - TS_ValidatingEmptyResult: Test Cases/BasicSearch/3.1/Validating_empty_result_on_search]]></system-out>
      <system-err><![CDATA[]]></system-err>
   </testsuite>
</testsuites>
