<?xml version="1.0" encoding="UTF-8"?>
<testsuites name="TestSuite_1" time="78" tests="1" failures="0" errors="0">
   <testsuite name="TestSuite_1" tests="1" failures="0" errors="0" time="78" timestamp="2019-02-01 18:17:43" hostname="Mulki Sulaiman - FIB-PC001" id="Test Suites/TS_RegressionTest/Registration/TestSuite_1">
      <properties>
         <property name="deviceName" value=""/>
         <property name="devicePlatform" value=""/>
         <property name="logFolder" value="C:\\Users\\Mulki Sulaiman\\Documents\\ADX Asia\\Development\\ADX_Registrasi\\Reports\\TS_RegressionTest\\Registration\\TestSuite_1\\20190201_181730"/>
         <property name="logFiles" value="C:\\Users\\Mulki Sulaiman\\Documents\\ADX Asia\\Development\\ADX_Registrasi\\Reports\\TS_RegressionTest\\Registration\\TestSuite_1\\20190201_181730\\execution0.log"/>
         <property name="attachments" value=""/>
         <property name="hostName" value="Mulki Sulaiman - FIB-PC001"/>
         <property name="os" value="Windows 10 64bit"/>
         <property name="katalonVersion" value="5.10.0.1"/>
         <property name="browser" value="Chrome 71.0.3578.98"/>
         <property name="hostAddress" value="172.16.27.57"/>
         <property name="sessionId" value="3eede0e0a9703cee30f60055b17b603c"/>
         <property name="seleniumVersion" value="3.7.1"/>
         <property name="proxyInformation" value="ProxyInformation{proxyOption=NO_PROXY, proxyServerType=HTTP, password=, proxyServerAddress=, proxyServerPort=0}"/>
         <property name="platform" value="Windows 10"/>
      </properties>
      <testcase name="Test Cases/Registration_Page/Email_Registration/1.1/verify_user_signin_gmail_account" classname="Test Cases/Registration_Page/Email_Registration/1.1/verify_user_signin_gmail_account" status="PASSED">
         <system-out><![CDATA[2019-02-01 18:17:43 - [TEST_CASE][PASSED] - Test Cases/Registration_Page/Email_Registration/1.1/verify_user_signin_gmail_account: Test Cases/Registration_Page/Email_Registration/1.1/verify_user_signin_gmail_account

2019-02-01 18:17:44 - [TEST_STEP][PASSED] - openBrowser(""): Browser is opened with url: ''

2019-02-01 18:17:47 - [MESSAGE][INFO] - Starting 'Chrome' driver

2019-02-01 18:17:47 - [MESSAGE][INFO] - Action delay is set to 1 seconds

2019-02-01 18:18:24 - [MESSAGE][PASSED] - Browser is opened with url: ''

2019-02-01 18:18:24 - [TEST_STEP][PASSED] - maximizeWindow(): Current window maximized

2019-02-01 18:18:27 - [MESSAGE][PASSED] - Current window maximized

2019-02-01 18:18:27 - [TEST_STEP][PASSED] - navigateToUrl("https://staging.adxasia.co.id/"): Navigate to 'https://staging.adxasia.co.id/' successfully

2019-02-01 18:18:40 - [MESSAGE][PASSED] - Navigate to 'https://staging.adxasia.co.id/' successfully

2019-02-01 18:18:40 - [TEST_STEP][PASSED] - click(findTestObject("1.1/Page_Home - ADX Asia/li_Sign In")): Object: 'Object Repository/1.1/Page_Home - ADX Asia/li_Sign In' is clicked on

2019-02-01 18:18:45 - [MESSAGE][PASSED] - Object: 'Object Repository/1.1/Page_Home - ADX Asia/li_Sign In' is clicked on

2019-02-01 18:18:45 - [TEST_STEP][PASSED] - setText(findTestObject("1.1/Page_Home - ADX Asia/input_email"), "mulkimul@gmail.com"): Text 'mulkimul@gmail.com' is set on object 'Object Repository/1.1/Page_Home - ADX Asia/input_email'

2019-02-01 18:18:50 - [MESSAGE][PASSED] - Text 'mulkimul@gmail.com' is set on object 'Object Repository/1.1/Page_Home - ADX Asia/input_email'

2019-02-01 18:18:50 - [TEST_STEP][PASSED] - setEncryptedText(findTestObject("1.1/Page_Home - ADX Asia/input_Email_error"), "mn5hRviTc1hO3f41WUkJsA=="): Text ****** has been set on object 'Object Repository/1.1/Page_Home - ADX Asia/input_Email_error'

2019-02-01 18:18:53 - [MESSAGE][PASSED] - Text ****** has been set on object 'Object Repository/1.1/Page_Home - ADX Asia/input_Email_error'

2019-02-01 18:18:53 - [TEST_STEP][PASSED] - click(findTestObject("1.1/Page_Home - ADX Asia/button_Sign in")): Object: 'Object Repository/1.1/Page_Home - ADX Asia/button_Sign in' is clicked on

2019-02-01 18:18:56 - [MESSAGE][PASSED] - Object: 'Object Repository/1.1/Page_Home - ADX Asia/button_Sign in' is clicked on

2019-02-01 18:18:56 - [TEST_STEP][PASSED] - waitForPageLoad(3): Wait for page load successfully

2019-02-01 18:18:58 - [MESSAGE][PASSED] - Wait for page load successfully

2019-02-01 18:18:58 - [TEST_STEP][PASSED] - closeBrowser(): Browser is closed

2019-02-01 18:19:01 - [MESSAGE][PASSED] - Browser is closed]]></system-out>
         <system-err><![CDATA[]]></system-err>
      </testcase>
      <system-out><![CDATA[2019-02-01 18:17:43 - [TEST_SUITE][PASSED] - TestSuite_1: Test Cases/Registration_Page/Email_Registration/1.1/verify_user_signin_gmail_account]]></system-out>
      <system-err><![CDATA[]]></system-err>
   </testsuite>
</testsuites>
