<?xml version="1.0" encoding="UTF-8"?>
<testsuites name="TestSuites_3" time="64" tests="1" failures="0" errors="0">
   <testsuite name="TestSuites_3" tests="1" failures="0" errors="0" time="64" timestamp="2019-02-01 18:21:08" hostname="Mulki Sulaiman - FIB-PC001" id="Test Suites/TS_RegressionTest/Registration/TestSuites_3">
      <properties>
         <property name="deviceName" value=""/>
         <property name="devicePlatform" value=""/>
         <property name="logFolder" value="C:\\Users\\Mulki Sulaiman\\Documents\\ADX Asia\\Development\\ADX_Registrasi\\Reports\\TS_RegressionTest\\Registration\\TestSuites_3\\20190201_181730"/>
         <property name="logFiles" value="C:\\Users\\Mulki Sulaiman\\Documents\\ADX Asia\\Development\\ADX_Registrasi\\Reports\\TS_RegressionTest\\Registration\\TestSuites_3\\20190201_181730\\execution0.log"/>
         <property name="attachments" value=""/>
         <property name="hostName" value="Mulki Sulaiman - FIB-PC001"/>
         <property name="os" value="Windows 10 64bit"/>
         <property name="katalonVersion" value="5.10.0.1"/>
         <property name="browser" value="Chrome 71.0.3578.98"/>
         <property name="hostAddress" value="172.16.27.57"/>
         <property name="sessionId" value="ed158f7e10f7a0fd82e8b74ed095a8ea"/>
         <property name="seleniumVersion" value="3.7.1"/>
         <property name="proxyInformation" value="ProxyInformation{proxyOption=NO_PROXY, proxyServerType=HTTP, password=, proxyServerAddress=, proxyServerPort=0}"/>
         <property name="platform" value="Windows 10"/>
      </properties>
      <testcase name="Test Cases/Registration_Page/Email_Registration/1.3/verify_user_signup_using_email_account" classname="Test Cases/Registration_Page/Email_Registration/1.3/verify_user_signup_using_email_account" status="PASSED">
         <system-out><![CDATA[2019-02-01 18:21:08 - [TEST_CASE][PASSED] - Test Cases/Registration_Page/Email_Registration/1.3/verify_user_signup_using_email_account: Test Cases/Registration_Page/Email_Registration/1.3/verify_user_signup_using_email_account

2019-02-01 18:21:09 - [TEST_STEP][PASSED] - openBrowser(""): Browser is opened with url: ''

2019-02-01 18:21:09 - [MESSAGE][INFO] - Starting 'Chrome' driver

2019-02-01 18:21:09 - [MESSAGE][INFO] - Action delay is set to 1 seconds

2019-02-01 18:21:18 - [MESSAGE][PASSED] - Browser is opened with url: ''

2019-02-01 18:21:18 - [TEST_STEP][PASSED] - maximizeWindow(): Current window maximized

2019-02-01 18:21:20 - [MESSAGE][PASSED] - Current window maximized

2019-02-01 18:21:20 - [TEST_STEP][PASSED] - navigateToUrl("https://staging.adxasia.co.id/"): Navigate to 'https://staging.adxasia.co.id/' successfully

2019-02-01 18:21:37 - [MESSAGE][PASSED] - Navigate to 'https://staging.adxasia.co.id/' successfully

2019-02-01 18:21:37 - [TEST_STEP][PASSED] - waitForPageLoad(2): Wait for page load successfully

2019-02-01 18:21:39 - [MESSAGE][PASSED] - Wait for page load successfully

2019-02-01 18:21:39 - [TEST_STEP][PASSED] - click(findTestObject("1.1/Page_Home - ADX Asia/li_Sign In")): Object: 'Object Repository/1.1/Page_Home - ADX Asia/li_Sign In' is clicked on

2019-02-01 18:21:41 - [MESSAGE][PASSED] - Object: 'Object Repository/1.1/Page_Home - ADX Asia/li_Sign In' is clicked on

2019-02-01 18:21:41 - [TEST_STEP][PASSED] - click(findTestObject("1.3/Page_Signup/span_Sign up")): Object: 'Object Repository/1.3/Page_Signup/span_Sign up' is clicked on

2019-02-01 18:21:43 - [MESSAGE][PASSED] - Object: 'Object Repository/1.3/Page_Signup/span_Sign up' is clicked on

2019-02-01 18:21:43 - [TEST_STEP][PASSED] - click(findTestObject("1.3/Page_Signup/button_Sign up with Email")): Object: 'Object Repository/1.3/Page_Signup/button_Sign up with Email' is clicked on

2019-02-01 18:21:45 - [MESSAGE][PASSED] - Object: 'Object Repository/1.3/Page_Signup/button_Sign up with Email' is clicked on

2019-02-01 18:21:45 - [TEST_STEP][PASSED] - setText(findTestObject("1.3/Page_Signup/input_email"), "test45@test.com"): Text 'test45@test.com' is set on object 'Object Repository/1.3/Page_Signup/input_email'

2019-02-01 18:21:50 - [MESSAGE][PASSED] - Text 'test45@test.com' is set on object 'Object Repository/1.3/Page_Signup/input_email'

2019-02-01 18:21:50 - [TEST_STEP][PASSED] - setText(findTestObject("1.3/Page_Signup/input_fullname"), "Test Mulki"): Text 'Test Mulki' is set on object 'Object Repository/1.3/Page_Signup/input_fullname'

2019-02-01 18:21:54 - [MESSAGE][PASSED] - Text 'Test Mulki' is set on object 'Object Repository/1.3/Page_Signup/input_fullname'

2019-02-01 18:21:54 - [TEST_STEP][PASSED] - setText(findTestObject("1.3/Page_Signup/input_telepon"), "08123456789"): Text '08123456789' is set on object 'Object Repository/1.3/Page_Signup/input_telepon'

2019-02-01 18:21:58 - [MESSAGE][PASSED] - Text '08123456789' is set on object 'Object Repository/1.3/Page_Signup/input_telepon'

2019-02-01 18:21:58 - [TEST_STEP][PASSED] - setText(findTestObject("1.3/Page_Signup/input_company"), "Test"): Text 'Test' is set on object 'Object Repository/1.3/Page_Signup/input_company'

2019-02-01 18:22:02 - [MESSAGE][PASSED] - Text 'Test' is set on object 'Object Repository/1.3/Page_Signup/input_company'

2019-02-01 18:22:02 - [TEST_STEP][PASSED] - setEncryptedText(findTestObject("1.3/Page_Signup/input_password"), "o+tS4OuGt32nW2fw4d97xA=="): Text ****** has been set on object 'Object Repository/1.3/Page_Signup/input_password'

2019-02-01 18:22:06 - [MESSAGE][PASSED] - Text ****** has been set on object 'Object Repository/1.3/Page_Signup/input_password'

2019-02-01 18:22:06 - [TEST_STEP][PASSED] - check(findTestObject("1.3/Page_Signup/label_I Agree")): Object 'Object Repository/1.3/Page_Signup/label_I Agree' is checked

2019-02-01 18:22:09 - [MESSAGE][PASSED] - Object 'Object Repository/1.3/Page_Signup/label_I Agree' is checked

2019-02-01 18:22:09 - [TEST_STEP][PASSED] - click(findTestObject("1.3/Page_Signup/button_Register")): Object: 'Object Repository/1.3/Page_Signup/button_Register' is clicked on

2019-02-01 18:22:11 - [MESSAGE][PASSED] - Object: 'Object Repository/1.3/Page_Signup/button_Register' is clicked on

2019-02-01 18:22:11 - [TEST_STEP][PASSED] - closeBrowser(): Browser is closed

2019-02-01 18:22:13 - [MESSAGE][PASSED] - Browser is closed]]></system-out>
         <system-err><![CDATA[]]></system-err>
      </testcase>
      <system-out><![CDATA[2019-02-01 18:21:08 - [TEST_SUITE][PASSED] - TestSuites_3: Test Cases/Registration_Page/Email_Registration/1.3/verify_user_signup_using_email_account]]></system-out>
      <system-err><![CDATA[]]></system-err>
   </testsuite>
</testsuites>
