<?xml version="1.0" encoding="UTF-8"?>
<testsuites name="TestSuites_5" time="99" tests="1" failures="0" errors="0">
   <testsuite name="TestSuites_5" tests="1" failures="0" errors="0" time="99" timestamp="2019-02-04 14:28:59" hostname="Mulki Sulaiman - FIB-PC001" id="Test Suites/TS_RegressionTest/Registration/TestSuites_5">
      <properties>
         <property name="deviceName" value=""/>
         <property name="devicePlatform" value=""/>
         <property name="logFolder" value="C:\\Users\\Mulki Sulaiman\\Documents\\ADX Asia\\ADX_Registrasi\\Reports\\TS_RegressionTest\\Registration\\TestSuites_5\\20190204_142850"/>
         <property name="logFiles" value="C:\\Users\\Mulki Sulaiman\\Documents\\ADX Asia\\ADX_Registrasi\\Reports\\TS_RegressionTest\\Registration\\TestSuites_5\\20190204_142850\\execution0.log"/>
         <property name="attachments" value=""/>
         <property name="hostName" value="Mulki Sulaiman - FIB-PC001"/>
         <property name="os" value="Windows 10 64bit"/>
         <property name="katalonVersion" value="5.10.1.1"/>
         <property name="browser" value="Chrome 71.0.3578.98"/>
         <property name="hostAddress" value="172.16.27.57"/>
         <property name="sessionId" value="7a2379ee61089b2c5eb0daeb8dfbbcbd"/>
         <property name="seleniumVersion" value="3.7.1"/>
         <property name="proxyInformation" value="ProxyInformation{proxyOption=NO_PROXY, proxyServerType=HTTP, password=, proxyServerAddress=, proxyServerPort=0}"/>
         <property name="platform" value="Windows 10"/>
      </properties>
      <testcase name="Test Cases/Registration_Page/Email_Registration/1.5/verify_error_state_when_user_signup_using_email_account" classname="Test Cases/Registration_Page/Email_Registration/1.5/verify_error_state_when_user_signup_using_email_account" status="PASSED">
         <system-out><![CDATA[2019-02-04 14:28:59 - [TEST_CASE][PASSED] - Test Cases/Registration_Page/Email_Registration/1.5/verify_error_state_when_user_signup_using_email_account: Test Cases/Registration_Page/Email_Registration/1.5/verify_error_state_when_user_signup_using_email_account

2019-02-04 14:29:00 - [TEST_STEP][PASSED] - openBrowser(""): Browser is opened with url: ''

2019-02-04 14:29:00 - [MESSAGE][INFO] - Starting 'Chrome' driver

2019-02-04 14:29:00 - [MESSAGE][INFO] - Action delay is set to 1 seconds

2019-02-04 14:29:18 - [MESSAGE][PASSED] - Browser is opened with url: ''

2019-02-04 14:29:18 - [TEST_STEP][PASSED] - maximizeWindow(): Current window maximized

2019-02-04 14:29:20 - [MESSAGE][PASSED] - Current window maximized

2019-02-04 14:29:20 - [TEST_STEP][PASSED] - navigateToUrl("https://staging.adxasia.co.id/"): Navigate to 'https://staging.adxasia.co.id/' successfully

2019-02-04 14:29:33 - [MESSAGE][PASSED] - Navigate to 'https://staging.adxasia.co.id/' successfully

2019-02-04 14:29:33 - [TEST_STEP][PASSED] - click(findTestObject("Email_Registration/1.1/Page_Home - ADX Asia/li_Sign In")): Object: 'Object Repository/Email_Registration/1.1/Page_Home - ADX Asia/li_Sign In' is clicked on

2019-02-04 14:29:37 - [MESSAGE][PASSED] - Object: 'Object Repository/Email_Registration/1.1/Page_Home - ADX Asia/li_Sign In' is clicked on

2019-02-04 14:29:37 - [TEST_STEP][PASSED] - click(findTestObject("Email_Registration/1.3/Page_Signup/span_Sign up")): Object: 'Object Repository/Email_Registration/1.3/Page_Signup/span_Sign up' is clicked on

2019-02-04 14:29:39 - [MESSAGE][PASSED] - Object: 'Object Repository/Email_Registration/1.3/Page_Signup/span_Sign up' is clicked on

2019-02-04 14:29:39 - [TEST_STEP][PASSED] - click(findTestObject("Email_Registration/1.3/Page_Signup/button_Sign up with Email")): Object: 'Object Repository/Email_Registration/1.3/Page_Signup/button_Sign up with Email' is clicked on

2019-02-04 14:29:42 - [MESSAGE][PASSED] - Object: 'Object Repository/Email_Registration/1.3/Page_Signup/button_Sign up with Email' is clicked on

2019-02-04 14:29:42 - [TEST_STEP][PASSED] - setText(findTestObject("Email_Registration/1.3/Page_Signup/input_fullname"), "A"): Text 'A' is set on object 'Object Repository/Email_Registration/1.3/Page_Signup/input_fullname'

2019-02-04 14:29:47 - [MESSAGE][PASSED] - Text 'A' is set on object 'Object Repository/Email_Registration/1.3/Page_Signup/input_fullname'

2019-02-04 14:29:47 - [TEST_STEP][PASSED] - clearText(findTestObject("Email_Registration/1.3/Page_Signup/input_fullname")): Text of object 'Object Repository/Email_Registration/1.3/Page_Signup/input_fullname' is cleared

2019-02-04 14:29:49 - [MESSAGE][PASSED] - Text of object 'Object Repository/Email_Registration/1.3/Page_Signup/input_fullname' is cleared

2019-02-04 14:29:49 - [TEST_STEP][PASSED] - setText(findTestObject("Email_Registration/1.3/Page_Signup/input_fullname"), "asdadasdghghghghgnbnbnbdsdsdhghghdsdsdsbnbnbnbnbnbdsdsghtywteytwuyghfsghgjasbdbd"): Text 'asdadasdghghghghgnbnbnbdsdsdhghghdsdsdsbnbnbnbnbnbdsdsghtywteytwuyghfsghgjasbdbd' is set on object 'Object Repository/Email_Registration/1.3/Page_Signup/input_fullname'

2019-02-04 14:29:54 - [MESSAGE][PASSED] - Text 'asdadasdghghghghgnbnbnbdsdsdhghghdsdsdsbnbnbnbnbnbdsdsghtywteytwuyghfsghgjasbdbd' is set on object 'Object Repository/Email_Registration/1.3/Page_Signup/input_fullname'

2019-02-04 14:29:54 - [TEST_STEP][PASSED] - clearText(findTestObject("Email_Registration/1.3/Page_Signup/input_fullname")): Text of object 'Object Repository/Email_Registration/1.3/Page_Signup/input_fullname' is cleared

2019-02-04 14:29:56 - [MESSAGE][PASSED] - Text of object 'Object Repository/Email_Registration/1.3/Page_Signup/input_fullname' is cleared

2019-02-04 14:29:56 - [TEST_STEP][PASSED] - setText(findTestObject("Email_Registration/1.3/Page_Signup/input_email"), ""): Text '' is set on object 'Object Repository/Email_Registration/1.3/Page_Signup/input_email'

2019-02-04 14:30:00 - [MESSAGE][PASSED] - Text '' is set on object 'Object Repository/Email_Registration/1.3/Page_Signup/input_email'

2019-02-04 14:30:00 - [TEST_STEP][PASSED] - setText(findTestObject("Email_Registration/1.3/Page_Signup/input_email"), "a@a.a"): Text 'a@a.a' is set on object 'Object Repository/Email_Registration/1.3/Page_Signup/input_email'

2019-02-04 14:30:04 - [MESSAGE][PASSED] - Text 'a@a.a' is set on object 'Object Repository/Email_Registration/1.3/Page_Signup/input_email'

2019-02-04 14:30:04 - [TEST_STEP][PASSED] - clearText(findTestObject("Email_Registration/1.3/Page_Signup/input_email")): Text of object 'Object Repository/Email_Registration/1.3/Page_Signup/input_email' is cleared

2019-02-04 14:30:07 - [MESSAGE][PASSED] - Text of object 'Object Repository/Email_Registration/1.3/Page_Signup/input_email' is cleared

2019-02-04 14:30:07 - [TEST_STEP][PASSED] - setText(findTestObject("Email_Registration/1.3/Page_Signup/input_email"), ".abc@abc.abc"): Text '.abc@abc.abc' is set on object 'Object Repository/Email_Registration/1.3/Page_Signup/input_email'

2019-02-04 14:30:11 - [MESSAGE][PASSED] - Text '.abc@abc.abc' is set on object 'Object Repository/Email_Registration/1.3/Page_Signup/input_email'

2019-02-04 14:30:11 - [TEST_STEP][PASSED] - clearText(findTestObject("Email_Registration/1.3/Page_Signup/input_email")): Text of object 'Object Repository/Email_Registration/1.3/Page_Signup/input_email' is cleared

2019-02-04 14:30:13 - [MESSAGE][PASSED] - Text of object 'Object Repository/Email_Registration/1.3/Page_Signup/input_email' is cleared

2019-02-04 14:30:13 - [TEST_STEP][PASSED] - setText(findTestObject("Email_Registration/1.3/Page_Signup/input_telepon"), ""): Text '' is set on object 'Object Repository/Email_Registration/1.3/Page_Signup/input_telepon'

2019-02-04 14:30:17 - [MESSAGE][PASSED] - Text '' is set on object 'Object Repository/Email_Registration/1.3/Page_Signup/input_telepon'

2019-02-04 14:30:17 - [TEST_STEP][PASSED] - setText(findTestObject("Email_Registration/1.3/Page_Signup/input_telepon"), "asdasdqwe"): Text 'asdasdqwe' is set on object 'Object Repository/Email_Registration/1.3/Page_Signup/input_telepon'

2019-02-04 14:30:21 - [MESSAGE][PASSED] - Text 'asdasdqwe' is set on object 'Object Repository/Email_Registration/1.3/Page_Signup/input_telepon'

2019-02-04 14:30:21 - [TEST_STEP][PASSED] - clearText(findTestObject("Email_Registration/1.3/Page_Signup/input_telepon")): Text of object 'Object Repository/Email_Registration/1.3/Page_Signup/input_telepon' is cleared

2019-02-04 14:30:23 - [MESSAGE][PASSED] - Text of object 'Object Repository/Email_Registration/1.3/Page_Signup/input_telepon' is cleared

2019-02-04 14:30:23 - [TEST_STEP][PASSED] - setText(findTestObject("Email_Registration/1.3/Page_Signup/input_telepon"), "123456789123456789"): Text '123456789123456789' is set on object 'Object Repository/Email_Registration/1.3/Page_Signup/input_telepon'

2019-02-04 14:30:28 - [MESSAGE][PASSED] - Text '123456789123456789' is set on object 'Object Repository/Email_Registration/1.3/Page_Signup/input_telepon'

2019-02-04 14:30:28 - [TEST_STEP][PASSED] - clearText(findTestObject("Email_Registration/1.3/Page_Signup/input_telepon")): Text of object 'Object Repository/Email_Registration/1.3/Page_Signup/input_telepon' is cleared

2019-02-04 14:30:30 - [MESSAGE][PASSED] - Text of object 'Object Repository/Email_Registration/1.3/Page_Signup/input_telepon' is cleared

2019-02-04 14:30:30 - [TEST_STEP][PASSED] - setText(findTestObject("Email_Registration/1.3/Page_Signup/input_telepon"), "123456"): Text '123456' is set on object 'Object Repository/Email_Registration/1.3/Page_Signup/input_telepon'

2019-02-04 14:30:34 - [MESSAGE][PASSED] - Text '123456' is set on object 'Object Repository/Email_Registration/1.3/Page_Signup/input_telepon'

2019-02-04 14:30:34 - [TEST_STEP][PASSED] - closeBrowser(): Browser is closed

2019-02-04 14:30:36 - [MESSAGE][PASSED] - Browser is closed]]></system-out>
         <system-err><![CDATA[]]></system-err>
      </testcase>
      <system-out><![CDATA[2019-02-04 14:28:59 - [TEST_SUITE][PASSED] - TestSuites_5: Test Cases/Registration_Page/Email_Registration/1.5/verify_error_state_when_user_signup_using_email_account]]></system-out>
      <system-err><![CDATA[]]></system-err>
   </testsuite>
</testsuites>
