<?xml version="1.0" encoding="UTF-8"?>
<testsuites name="TestSuite_1" time="104" tests="1" failures="0" errors="0">
   <testsuite name="TestSuite_1" tests="1" failures="0" errors="0" time="104" timestamp="2019-02-04 15:21:37" hostname="Mulki Sulaiman - FIB-PC001" id="Test Suites/TS_RegressionTest/Registration/TestSuite_1">
      <properties>
         <property name="deviceName" value=""/>
         <property name="devicePlatform" value=""/>
         <property name="logFolder" value="C:\\Users\\Mulki Sulaiman\\Documents\\ADX Asia\\ADX_Registrasi\\Reports\\TS_RegressionTest\\Registration\\TestSuite_1\\20190204_152124"/>
         <property name="logFiles" value="C:\\Users\\Mulki Sulaiman\\Documents\\ADX Asia\\ADX_Registrasi\\Reports\\TS_RegressionTest\\Registration\\TestSuite_1\\20190204_152124\\execution0.log"/>
         <property name="attachments" value=""/>
         <property name="hostName" value="Mulki Sulaiman - FIB-PC001"/>
         <property name="os" value="Windows 10 64bit"/>
         <property name="katalonVersion" value="5.10.1.1"/>
         <property name="browser" value="Firefox 64.0"/>
         <property name="hostAddress" value="172.16.27.57"/>
         <property name="sessionId" value="203aa389-b1a8-4f41-b2b9-cb99eb9105c7"/>
         <property name="seleniumVersion" value="3.7.1"/>
         <property name="proxyInformation" value="ProxyInformation{proxyOption=NO_PROXY, proxyServerType=HTTP, password=, proxyServerAddress=, proxyServerPort=0}"/>
         <property name="platform" value="Windows 10"/>
      </properties>
      <testcase name="Test Cases/Registration_Page/Email_Registration/1.1/verify_user_signin_gmail_account" classname="Test Cases/Registration_Page/Email_Registration/1.1/verify_user_signin_gmail_account" status="PASSED">
         <system-out><![CDATA[2019-02-04 15:21:38 - [TEST_CASE][PASSED] - Test Cases/Registration_Page/Email_Registration/1.1/verify_user_signin_gmail_account: Test Cases/Registration_Page/Email_Registration/1.1/verify_user_signin_gmail_account

2019-02-04 15:21:39 - [TEST_STEP][PASSED] - openBrowser(""): Browser is opened with url: ''

2019-02-04 15:21:39 - [MESSAGE][INFO] - Starting 'Firefox' driver

2019-02-04 15:21:39 - [MESSAGE][INFO] - Action delay is set to 1 seconds

2019-02-04 15:22:41 - [MESSAGE][PASSED] - Browser is opened with url: ''

2019-02-04 15:22:41 - [TEST_STEP][PASSED] - maximizeWindow(): Current window maximized

2019-02-04 15:22:42 - [MESSAGE][PASSED] - Current window maximized

2019-02-04 15:22:42 - [TEST_STEP][PASSED] - navigateToUrl("https://staging.adxasia.co.id/"): Navigate to 'https://staging.adxasia.co.id/' successfully

2019-02-04 15:22:53 - [MESSAGE][PASSED] - Navigate to 'https://staging.adxasia.co.id/' successfully

2019-02-04 15:22:53 - [TEST_STEP][PASSED] - click(findTestObject("Email_Registration/1.1/Page_Home - ADX Asia/li_Sign In")): Object: 'Object Repository/Email_Registration/1.1/Page_Home - ADX Asia/li_Sign In' is clicked on

2019-02-04 15:22:58 - [MESSAGE][PASSED] - Object: 'Object Repository/Email_Registration/1.1/Page_Home - ADX Asia/li_Sign In' is clicked on

2019-02-04 15:22:58 - [TEST_STEP][PASSED] - setText(findTestObject("Email_Registration/1.1/Page_Home - ADX Asia/input_email"), "mulkimul@gmail.com"): Text 'mulkimul@gmail.com' is set on object 'Object Repository/Email_Registration/1.1/Page_Home - ADX Asia/input_email'

2019-02-04 15:23:03 - [MESSAGE][PASSED] - Text 'mulkimul@gmail.com' is set on object 'Object Repository/Email_Registration/1.1/Page_Home - ADX Asia/input_email'

2019-02-04 15:23:03 - [TEST_STEP][PASSED] - setEncryptedText(findTestObject("Email_Registration/1.1/Page_Home - ADX Asia/input_Email_error"), "mn5hRviTc1hO3f41WUkJsA=="): Text ****** has been set on object 'Object Repository/Email_Registration/1.1/Page_Home - ADX Asia/input_Email_error'

2019-02-04 15:23:07 - [MESSAGE][PASSED] - Text ****** has been set on object 'Object Repository/Email_Registration/1.1/Page_Home - ADX Asia/input_Email_error'

2019-02-04 15:23:07 - [TEST_STEP][PASSED] - click(findTestObject("Email_Registration/1.1/Page_Home - ADX Asia/button_Sign in")): Object: 'Object Repository/Email_Registration/1.1/Page_Home - ADX Asia/button_Sign in' is clicked on

2019-02-04 15:23:10 - [MESSAGE][PASSED] - Object: 'Object Repository/Email_Registration/1.1/Page_Home - ADX Asia/button_Sign in' is clicked on

2019-02-04 15:23:10 - [TEST_STEP][PASSED] - waitForPageLoad(3): Wait for page load successfully

2019-02-04 15:23:11 - [MESSAGE][PASSED] - Wait for page load successfully

2019-02-04 15:23:11 - [TEST_STEP][PASSED] - closeBrowser(): Browser is closed

2019-02-04 15:23:18 - [MESSAGE][PASSED] - Browser is closed]]></system-out>
         <system-err><![CDATA[]]></system-err>
      </testcase>
      <system-out><![CDATA[2019-02-04 15:21:37 - [TEST_SUITE][PASSED] - TestSuite_1: Test Cases/Registration_Page/Email_Registration/1.1/verify_user_signin_gmail_account]]></system-out>
      <system-err><![CDATA[]]></system-err>
   </testsuite>
</testsuites>
