<?xml version="1.0" encoding="UTF-8"?>
<testsuites name="TS_SearchResultPage" time="26" tests="1" failures="0" errors="0">
   <testsuite name="TS_SearchResultPage" tests="1" failures="0" errors="0" time="26" timestamp="2019-02-05 02:11:44" hostname="ARIO - ARIO-PC" id="Test Suites/TS_RegressionTest/TS_SearchResultPage">
      <properties>
         <property name="deviceName" value=""/>
         <property name="devicePlatform" value=""/>
         <property name="logFolder" value="C:\\Users\\ARIO\\Documents\\ADX Asia\\ADX_Basic_Search\\Reports\\TS_RegressionTest\\TS_SearchResultPage\\20190205_021135"/>
         <property name="logFiles" value="C:\\Users\\ARIO\\Documents\\ADX Asia\\ADX_Basic_Search\\Reports\\TS_RegressionTest\\TS_SearchResultPage\\20190205_021135\\execution0.log"/>
         <property name="attachments" value=""/>
         <property name="hostName" value="ARIO - ARIO-PC"/>
         <property name="os" value="Windows 7 64bit"/>
         <property name="katalonVersion" value="5.10.1.1"/>
         <property name="browser" value="Chrome 71.0.3578.98"/>
         <property name="hostAddress" value="172.20.10.2"/>
         <property name="sessionId" value="b1e6415dc81f85564ca4b2aeb8136706"/>
         <property name="seleniumVersion" value="3.7.1"/>
         <property name="proxyInformation" value="ProxyInformation{proxyOption=NO_PROXY, proxyServerType=HTTP, password=, proxyServerAddress=, proxyServerPort=0}"/>
         <property name="platform" value="Windows 7"/>
      </properties>
      <testcase name="Test Cases/BasicSearch/2.1/Search_result_page" classname="Test Cases/BasicSearch/2.1/Search_result_page" status="PASSED">
         <system-out><![CDATA[2019-02-05 02:11:44 - [TEST_CASE][PASSED] - Test Cases/BasicSearch/2.1/Search_result_page: Test Cases/BasicSearch/2.1/Search_result_page

2019-02-05 02:11:45 - [TEST_STEP][PASSED] - openBrowser(""): Browser is opened with url: ''

2019-02-05 02:11:45 - [MESSAGE][INFO] - Starting 'Chrome' driver

2019-02-05 02:11:45 - [MESSAGE][INFO] - Action delay is set to 1 seconds

2019-02-05 02:11:51 - [MESSAGE][PASSED] - Browser is opened with url: ''

2019-02-05 02:11:51 - [TEST_STEP][PASSED] - maximizeWindow(): Current window maximized

2019-02-05 02:11:53 - [MESSAGE][PASSED] - Current window maximized

2019-02-05 02:11:53 - [TEST_STEP][PASSED] - navigateToUrl("https://staging.adxasia.co.id/"): Navigate to 'https://staging.adxasia.co.id/' successfully

2019-02-05 02:11:58 - [MESSAGE][PASSED] - Navigate to 'https://staging.adxasia.co.id/' successfully

2019-02-05 02:11:58 - [TEST_STEP][PASSED] - click(findTestObject("1.1/Page_Home - ADX Asia/input_Search_bar")): Object: 'Object Repository/1.1/Page_Home - ADX Asia/input_Search_bar' is clicked on

2019-02-05 02:12:00 - [MESSAGE][PASSED] - Object: 'Object Repository/1.1/Page_Home - ADX Asia/input_Search_bar' is clicked on

2019-02-05 02:12:00 - [TEST_STEP][PASSED] - setText(findTestObject("1.1/Page_Home - ADX Asia/input_Search_bar"), "Bebek"): Text 'Bebek' is set on object 'Object Repository/1.1/Page_Home - ADX Asia/input_Search_bar'

2019-02-05 02:12:04 - [MESSAGE][PASSED] - Text 'Bebek' is set on object 'Object Repository/1.1/Page_Home - ADX Asia/input_Search_bar'

2019-02-05 02:12:04 - [TEST_STEP][PASSED] - sendKeys(findTestObject("1.1/Page_Home - ADX Asia/input_Search_bar"), Keys.chord(ENTER)): Keys 'ENTER + ' sent to object: 'Object Repository/1.1/Page_Home - ADX Asia/input_Search_bar'

2019-02-05 02:12:06 - [MESSAGE][PASSED] - Keys 'ENTER + ' sent to object: 'Object Repository/1.1/Page_Home - ADX Asia/input_Search_bar'

2019-02-05 02:12:06 - [TEST_STEP][PASSED] - delay(2): Delayed 2 second(s)

2019-02-05 02:12:08 - [MESSAGE][PASSED] - Delayed 2 second(s)

2019-02-05 02:12:08 - [TEST_STEP][PASSED] - closeBrowser(): Browser is closed

2019-02-05 02:12:10 - [MESSAGE][PASSED] - Browser is closed]]></system-out>
         <system-err><![CDATA[]]></system-err>
      </testcase>
      <system-out><![CDATA[2019-02-05 02:11:44 - [TEST_SUITE][PASSED] - TS_SearchResultPage: Test Cases/BasicSearch/2.1/Search_result_page]]></system-out>
      <system-err><![CDATA[]]></system-err>
   </testsuite>
</testsuites>
