<?xml version="1.0" encoding="UTF-8"?>
<testsuites name="TS_ValidatingEmptyResult" time="37" tests="1" failures="0" errors="0">
   <testsuite name="TS_ValidatingEmptyResult" tests="1" failures="0" errors="0" time="37" timestamp="2019-02-05 02:13:45" hostname="ARIO - ARIO-PC" id="Test Suites/TS_RegressionTest/TS_ValidatingEmptyResult">
      <properties>
         <property name="deviceName" value=""/>
         <property name="devicePlatform" value=""/>
         <property name="logFolder" value="C:\\Users\\ARIO\\Documents\\ADX Asia\\ADX_Basic_Search\\Reports\\TS_RegressionTest\\TS_ValidatingEmptyResult\\20190205_021333"/>
         <property name="logFiles" value="C:\\Users\\ARIO\\Documents\\ADX Asia\\ADX_Basic_Search\\Reports\\TS_RegressionTest\\TS_ValidatingEmptyResult\\20190205_021333\\execution0.log"/>
         <property name="attachments" value=""/>
         <property name="hostName" value="ARIO - ARIO-PC"/>
         <property name="os" value="Windows 7 64bit"/>
         <property name="katalonVersion" value="5.10.1.1"/>
         <property name="browser" value="Chrome 71.0.3578.98"/>
         <property name="hostAddress" value="172.20.10.2"/>
         <property name="sessionId" value="8896ee9385ecb95997fa1d4a0c9307dc"/>
         <property name="seleniumVersion" value="3.7.1"/>
         <property name="proxyInformation" value="ProxyInformation{proxyOption=NO_PROXY, proxyServerType=HTTP, password=, proxyServerAddress=, proxyServerPort=0}"/>
         <property name="platform" value="Windows 7"/>
      </properties>
      <testcase name="Test Cases/BasicSearch/3.1/Validating_empty_result_on_search" classname="Test Cases/BasicSearch/3.1/Validating_empty_result_on_search" status="PASSED">
         <system-out><![CDATA[2019-02-05 02:13:47 - [TEST_CASE][PASSED] - Test Cases/BasicSearch/3.1/Validating_empty_result_on_search: Test Cases/BasicSearch/3.1/Validating_empty_result_on_search

2019-02-05 02:13:48 - [TEST_STEP][PASSED] - openBrowser(""): Browser is opened with url: ''

2019-02-05 02:13:49 - [MESSAGE][INFO] - Starting 'Chrome' driver

2019-02-05 02:13:49 - [MESSAGE][INFO] - Action delay is set to 1 seconds

2019-02-05 02:13:57 - [MESSAGE][PASSED] - Browser is opened with url: ''

2019-02-05 02:13:57 - [TEST_STEP][PASSED] - maximizeWindow(): Current window maximized

2019-02-05 02:13:59 - [MESSAGE][PASSED] - Current window maximized

2019-02-05 02:13:59 - [TEST_STEP][PASSED] - navigateToUrl("https://staging.adxasia.co.id/"): Navigate to 'https://staging.adxasia.co.id/' successfully

2019-02-05 02:14:10 - [MESSAGE][PASSED] - Navigate to 'https://staging.adxasia.co.id/' successfully

2019-02-05 02:14:10 - [TEST_STEP][PASSED] - click(findTestObject("2.2/Page_Home - ADX Asia/input_Home_search__input__sear")): Object: 'Object Repository/2.2/Page_Home - ADX Asia/input_Home_search__input__sear' is clicked on

2019-02-05 02:14:12 - [MESSAGE][PASSED] - Object: 'Object Repository/2.2/Page_Home - ADX Asia/input_Home_search__input__sear' is clicked on

2019-02-05 02:14:12 - [TEST_STEP][PASSED] - setText(findTestObject("2.2/Page_Home - ADX Asia/input_Home_search__input__sear"), "Lawless"): Text 'Lawless' is set on object 'Object Repository/2.2/Page_Home - ADX Asia/input_Home_search__input__sear'

2019-02-05 02:14:17 - [MESSAGE][PASSED] - Text 'Lawless' is set on object 'Object Repository/2.2/Page_Home - ADX Asia/input_Home_search__input__sear'

2019-02-05 02:14:17 - [TEST_STEP][PASSED] - sendKeys(findTestObject("2.2/Page_Home - ADX Asia/input_Home_search__input__sear"), Keys.chord(ENTER)): Keys 'ENTER + ' sent to object: 'Object Repository/2.2/Page_Home - ADX Asia/input_Home_search__input__sear'

2019-02-05 02:14:20 - [MESSAGE][PASSED] - Keys 'ENTER + ' sent to object: 'Object Repository/2.2/Page_Home - ADX Asia/input_Home_search__input__sear'

2019-02-05 02:14:20 - [TEST_STEP][PASSED] - delay(2): Delayed 2 second(s)

2019-02-05 02:14:22 - [MESSAGE][PASSED] - Delayed 2 second(s)

2019-02-05 02:14:22 - [TEST_STEP][PASSED] - closeBrowser(): Browser is closed

2019-02-05 02:14:23 - [MESSAGE][PASSED] - Browser is closed]]></system-out>
         <system-err><![CDATA[]]></system-err>
      </testcase>
      <system-out><![CDATA[2019-02-05 02:13:45 - [TEST_SUITE][PASSED] - TS_ValidatingEmptyResult: Test Cases/BasicSearch/3.1/Validating_empty_result_on_search]]></system-out>
      <system-err><![CDATA[]]></system-err>
   </testsuite>
</testsuites>
