<?xml version="1.0" encoding="UTF-8"?>
<testsuites name="TS_SeeAllFromGroupingCategories" time="31" tests="1" failures="0" errors="0">
   <testsuite name="TS_SeeAllFromGroupingCategories" tests="1" failures="0" errors="0" time="31" timestamp="2019-02-05 01:58:56" hostname="ARIO - ARIO-PC" id="Test Suites/TS_RegressionTest/TS_SeeAllFromGroupingCategories">
      <properties>
         <property name="deviceName" value=""/>
         <property name="devicePlatform" value=""/>
         <property name="logFolder" value="C:\\Users\\ARIO\\Documents\\ADX Asia\\ADX_Basic_Search\\Reports\\TS_RegressionTest\\TS_SeeAllFromGroupingCategories\\20190205_015726"/>
         <property name="logFiles" value="C:\\Users\\ARIO\\Documents\\ADX Asia\\ADX_Basic_Search\\Reports\\TS_RegressionTest\\TS_SeeAllFromGroupingCategories\\20190205_015726\\execution0.log"/>
         <property name="attachments" value=""/>
         <property name="hostName" value="ARIO - ARIO-PC"/>
         <property name="os" value="Windows 7 64bit"/>
         <property name="katalonVersion" value="5.10.1.1"/>
         <property name="browser" value="Chrome 71.0.3578.98"/>
         <property name="hostAddress" value="172.20.10.2"/>
         <property name="sessionId" value="386deeb83b01497fdd42118e1a682408"/>
         <property name="seleniumVersion" value="3.7.1"/>
         <property name="proxyInformation" value="ProxyInformation{proxyOption=NO_PROXY, proxyServerType=HTTP, password=, proxyServerAddress=, proxyServerPort=0}"/>
         <property name="platform" value="Windows 7"/>
      </properties>
      <testcase name="Test Cases/BasicSearch/2.3/See_all_from_grouping_categories" classname="Test Cases/BasicSearch/2.3/See_all_from_grouping_categories" status="PASSED">
         <system-out><![CDATA[2019-02-05 01:58:56 - [TEST_CASE][PASSED] - Test Cases/BasicSearch/2.3/See_all_from_grouping_categories: Test Cases/BasicSearch/2.3/See_all_from_grouping_categories

2019-02-05 01:58:57 - [TEST_STEP][PASSED] - openBrowser(""): Browser is opened with url: ''

2019-02-05 01:58:57 - [MESSAGE][INFO] - Starting 'Chrome' driver

2019-02-05 01:58:57 - [MESSAGE][INFO] - Action delay is set to 1 seconds

2019-02-05 01:59:03 - [MESSAGE][PASSED] - Browser is opened with url: ''

2019-02-05 01:59:03 - [TEST_STEP][PASSED] - maximizeWindow(): Current window maximized

2019-02-05 01:59:05 - [MESSAGE][PASSED] - Current window maximized

2019-02-05 01:59:05 - [TEST_STEP][PASSED] - navigateToUrl("https://staging.adxasia.co.id/"): Navigate to 'https://staging.adxasia.co.id/' successfully

2019-02-05 01:59:10 - [MESSAGE][PASSED] - Navigate to 'https://staging.adxasia.co.id/' successfully

2019-02-05 01:59:10 - [TEST_STEP][PASSED] - click(findTestObject("2.2/Page_Home - ADX Asia/input_Home_search__input__sear")): Object: 'Object Repository/2.2/Page_Home - ADX Asia/input_Home_search__input__sear' is clicked on

2019-02-05 01:59:12 - [MESSAGE][PASSED] - Object: 'Object Repository/2.2/Page_Home - ADX Asia/input_Home_search__input__sear' is clicked on

2019-02-05 01:59:12 - [TEST_STEP][PASSED] - setText(findTestObject("2.2/Page_Home - ADX Asia/input_Home_search__input__sear"), "Bebek"): Text 'Bebek' is set on object 'Object Repository/2.2/Page_Home - ADX Asia/input_Home_search__input__sear'

2019-02-05 01:59:17 - [MESSAGE][PASSED] - Text 'Bebek' is set on object 'Object Repository/2.2/Page_Home - ADX Asia/input_Home_search__input__sear'

2019-02-05 01:59:17 - [TEST_STEP][PASSED] - sendKeys(findTestObject("2.2/Page_Home - ADX Asia/input_Home_search__input__sear"), Keys.chord(ENTER)): Keys 'ENTER + ' sent to object: 'Object Repository/2.2/Page_Home - ADX Asia/input_Home_search__input__sear'

2019-02-05 01:59:19 - [MESSAGE][PASSED] - Keys 'ENTER + ' sent to object: 'Object Repository/2.2/Page_Home - ADX Asia/input_Home_search__input__sear'

2019-02-05 01:59:19 - [TEST_STEP][PASSED] - waitForJQueryLoad(2): This page doesn't use jQuery.

2019-02-05 01:59:20 - [MESSAGE][WARNING] - This page doesn't use jQuery.

2019-02-05 01:59:20 - [TEST_STEP][PASSED] - click(findTestObject("2.3/Page_ADX Asia/span_All")): Object: 'Object Repository/2.3/Page_ADX Asia/span_All' is clicked on

2019-02-05 01:59:22 - [MESSAGE][PASSED] - Object: 'Object Repository/2.3/Page_ADX Asia/span_All' is clicked on

2019-02-05 01:59:22 - [TEST_STEP][PASSED] - click(findTestObject("2.3/Page_ADX Asia/button_See all")): Object: 'Object Repository/2.3/Page_ADX Asia/button_See all' is clicked on

2019-02-05 01:59:24 - [MESSAGE][PASSED] - Object: 'Object Repository/2.3/Page_ADX Asia/button_See all' is clicked on

2019-02-05 01:59:24 - [TEST_STEP][PASSED] - delay(1): Delayed 1 second(s)

2019-02-05 01:59:25 - [MESSAGE][PASSED] - Delayed 1 second(s)

2019-02-05 01:59:25 - [TEST_STEP][PASSED] - closeBrowser(): Browser is closed

2019-02-05 01:59:27 - [MESSAGE][PASSED] - Browser is closed]]></system-out>
         <system-err><![CDATA[]]></system-err>
      </testcase>
      <system-out><![CDATA[2019-02-05 01:58:56 - [TEST_SUITE][PASSED] - TS_SeeAllFromGroupingCategories: Test Cases/BasicSearch/2.3/See_all_from_grouping_categories]]></system-out>
      <system-err><![CDATA[]]></system-err>
   </testsuite>
</testsuites>
