<?xml version="1.0" encoding="UTF-8"?>
<testsuites name="TestSuites_4" time="74" tests="1" failures="0" errors="0">
   <testsuite name="TestSuites_4" tests="1" failures="0" errors="0" time="74" timestamp="2019-02-04 15:39:45" hostname="Mulki Sulaiman - FIB-PC001" id="Test Suites/TS_RegressionTest/Registration/TestSuites_4">
      <properties>
         <property name="deviceName" value=""/>
         <property name="devicePlatform" value=""/>
         <property name="logFolder" value="C:\\Users\\Mulki Sulaiman\\Documents\\ADX Asia\\ADX_Registrasi\\Reports\\TS_RegressionTest\\Registration\\TestSuites_4\\20190204_153038"/>
         <property name="logFiles" value="C:\\Users\\Mulki Sulaiman\\Documents\\ADX Asia\\ADX_Registrasi\\Reports\\TS_RegressionTest\\Registration\\TestSuites_4\\20190204_153038\\execution0.log"/>
         <property name="attachments" value=""/>
         <property name="hostName" value="Mulki Sulaiman - FIB-PC001"/>
         <property name="os" value="Windows 10 64bit"/>
         <property name="katalonVersion" value="5.10.1.1"/>
         <property name="browser" value="Firefox 64.0"/>
         <property name="hostAddress" value="172.16.27.57"/>
         <property name="sessionId" value="2e31e332-64f4-4ec1-a45e-7fee0d466f00"/>
         <property name="seleniumVersion" value="3.7.1"/>
         <property name="proxyInformation" value="ProxyInformation{proxyOption=NO_PROXY, proxyServerType=HTTP, password=, proxyServerAddress=, proxyServerPort=0}"/>
         <property name="platform" value="Windows 10"/>
      </properties>
      <testcase name="Test Cases/Registration_Page/Email_Registration/1.4/verify_user_signin_using_gmail_account" classname="Test Cases/Registration_Page/Email_Registration/1.4/verify_user_signin_using_gmail_account" status="PASSED">
         <system-out><![CDATA[2019-02-04 15:39:46 - [TEST_CASE][PASSED] - Test Cases/Registration_Page/Email_Registration/1.4/verify_user_signin_using_gmail_account: Test Cases/Registration_Page/Email_Registration/1.4/verify_user_signin_using_gmail_account

2019-02-04 15:39:46 - [TEST_STEP][PASSED] - openBrowser(""): Browser is opened with url: ''

2019-02-04 15:39:47 - [MESSAGE][INFO] - Starting 'Firefox' driver

2019-02-04 15:39:47 - [MESSAGE][INFO] - Action delay is set to 1 seconds

2019-02-04 15:40:08 - [MESSAGE][PASSED] - Browser is opened with url: ''

2019-02-04 15:40:08 - [TEST_STEP][PASSED] - maximizeWindow(): Current window maximized

2019-02-04 15:40:09 - [MESSAGE][PASSED] - Current window maximized

2019-02-04 15:40:09 - [TEST_STEP][PASSED] - navigateToUrl("https://staging.adxasia.co.id/"): Navigate to 'https://staging.adxasia.co.id/' successfully

2019-02-04 15:40:20 - [MESSAGE][PASSED] - Navigate to 'https://staging.adxasia.co.id/' successfully

2019-02-04 15:40:20 - [TEST_STEP][PASSED] - waitForPageLoad(2): Wait for page load successfully

2019-02-04 15:40:21 - [MESSAGE][PASSED] - Wait for page load successfully

2019-02-04 15:40:21 - [TEST_STEP][PASSED] - click(findTestObject("Email_Registration/1.1/Page_Home - ADX Asia/li_Sign In")): Object: 'Object Repository/Email_Registration/1.1/Page_Home - ADX Asia/li_Sign In' is clicked on

2019-02-04 15:40:23 - [MESSAGE][PASSED] - Object: 'Object Repository/Email_Registration/1.1/Page_Home - ADX Asia/li_Sign In' is clicked on

2019-02-04 15:40:23 - [TEST_STEP][PASSED] - setText(findTestObject("Email_Registration/1.1/Page_Home - ADX Asia/input_email"), "!!test@test.com"): Text '!!test@test.com' is set on object 'Object Repository/Email_Registration/1.1/Page_Home - ADX Asia/input_email'

2019-02-04 15:40:28 - [MESSAGE][PASSED] - Text '!!test@test.com' is set on object 'Object Repository/Email_Registration/1.1/Page_Home - ADX Asia/input_email'

2019-02-04 15:40:28 - [TEST_STEP][PASSED] - clearText(findTestObject("Email_Registration/1.1/Page_Home - ADX Asia/input_email")): Text of object 'Object Repository/Email_Registration/1.1/Page_Home - ADX Asia/input_email' is cleared

2019-02-04 15:40:30 - [MESSAGE][PASSED] - Text of object 'Object Repository/Email_Registration/1.1/Page_Home - ADX Asia/input_email' is cleared

2019-02-04 15:40:30 - [TEST_STEP][PASSED] - setText(findTestObject("Email_Registration/1.1/Page_Home - ADX Asia/input_email"), "123@@test.com"): Text '123@@test.com' is set on object 'Object Repository/Email_Registration/1.1/Page_Home - ADX Asia/input_email'

2019-02-04 15:40:34 - [MESSAGE][PASSED] - Text '123@@test.com' is set on object 'Object Repository/Email_Registration/1.1/Page_Home - ADX Asia/input_email'

2019-02-04 15:40:34 - [TEST_STEP][PASSED] - clearText(findTestObject("Email_Registration/1.1/Page_Home - ADX Asia/input_email")): Text of object 'Object Repository/Email_Registration/1.1/Page_Home - ADX Asia/input_email' is cleared

2019-02-04 15:40:36 - [MESSAGE][PASSED] - Text of object 'Object Repository/Email_Registration/1.1/Page_Home - ADX Asia/input_email' is cleared

2019-02-04 15:40:36 - [TEST_STEP][PASSED] - setText(findTestObject("Email_Registration/1.1/Page_Home - ADX Asia/input_email"), "abc.@abc.abc"): Text 'abc.@abc.abc' is set on object 'Object Repository/Email_Registration/1.1/Page_Home - ADX Asia/input_email'

2019-02-04 15:40:40 - [MESSAGE][PASSED] - Text 'abc.@abc.abc' is set on object 'Object Repository/Email_Registration/1.1/Page_Home - ADX Asia/input_email'

2019-02-04 15:40:40 - [TEST_STEP][PASSED] - clearText(findTestObject("Email_Registration/1.1/Page_Home - ADX Asia/input_email")): Text of object 'Object Repository/Email_Registration/1.1/Page_Home - ADX Asia/input_email' is cleared

2019-02-04 15:40:42 - [MESSAGE][PASSED] - Text of object 'Object Repository/Email_Registration/1.1/Page_Home - ADX Asia/input_email' is cleared

2019-02-04 15:40:42 - [TEST_STEP][PASSED] - setText(findTestObject("Email_Registration/1.1/Page_Home - ADX Asia/input_email"), "mulki.sulaiman90@gmail.com"): Text 'mulki.sulaiman90@gmail.com' is set on object 'Object Repository/Email_Registration/1.1/Page_Home - ADX Asia/input_email'

2019-02-04 15:40:46 - [MESSAGE][PASSED] - Text 'mulki.sulaiman90@gmail.com' is set on object 'Object Repository/Email_Registration/1.1/Page_Home - ADX Asia/input_email'

2019-02-04 15:40:46 - [TEST_STEP][PASSED] - setEncryptedText(findTestObject("Email_Registration/1.1/Page_Home - ADX Asia/input_Email_error"), "7rMQXxMs5dtH0amwvFpWZg=="): Text ****** has been set on object 'Object Repository/Email_Registration/1.1/Page_Home - ADX Asia/input_Email_error'

2019-02-04 15:40:50 - [MESSAGE][PASSED] - Text ****** has been set on object 'Object Repository/Email_Registration/1.1/Page_Home - ADX Asia/input_Email_error'

2019-02-04 15:40:50 - [TEST_STEP][PASSED] - click(findTestObject("Email_Registration/1.1/Page_Home - ADX Asia/button_Sign in")): Object: 'Object Repository/Email_Registration/1.1/Page_Home - ADX Asia/button_Sign in' is clicked on

2019-02-04 15:40:52 - [MESSAGE][PASSED] - Object: 'Object Repository/Email_Registration/1.1/Page_Home - ADX Asia/button_Sign in' is clicked on

2019-02-04 15:40:52 - [TEST_STEP][PASSED] - closeBrowser(): Browser is closed

2019-02-04 15:40:58 - [MESSAGE][PASSED] - Browser is closed]]></system-out>
         <system-err><![CDATA[]]></system-err>
      </testcase>
      <system-out><![CDATA[2019-02-04 15:39:45 - [TEST_SUITE][PASSED] - TestSuites_4: Test Cases/Registration_Page/Email_Registration/1.4/verify_user_signin_using_gmail_account]]></system-out>
      <system-err><![CDATA[]]></system-err>
   </testsuite>
</testsuites>
